-------------------------------------------------------------------------------
Test set: com.api.InformationClubWifi.InformationClubWifiApplicationTests
-------------------------------------------------------------------------------
Tests run: 1, Failures: 0, Errors: 1, Skipped: 0, Time elapsed: 1.648 s <<< FAILURE! - in com.api.InformationClubWifi.InformationClubWifiApplicationTests
contextLoads  Time elapsed: 0.002 s  <<< ERROR!
java.lang.IllegalStateException: Failed to load ApplicationContext
Caused by: org.springframework.beans.factory.UnsatisfiedDependencyException: Error creating bean with name 'informationClubWifiController' defined in file [D:\TotalPlay\proyect\InformationClubWifiMS\target\classes\com\api\InformationClubWifi\controller\InformationClubWifiController.class]: Unsatisfied dependency expressed through constructor parameter 0; nested exception is org.springframework.beans.factory.NoSuchBeanDefinitionException: No qualifying bean of type 'io.kubemq.sdk.queue.Queue' available: expected at least 1 bean which qualifies as autowire candidate. Dependency annotations: {}
Caused by: org.springframework.beans.factory.NoSuchBeanDefinitionException: No qualifying bean of type 'io.kubemq.sdk.queue.Queue' available: expected at least 1 bean which qualifies as autowire candidate. Dependency annotations: {}

